<?xml version="1.0" encoding="UTF-8"?>
<!-- Generated by org.testng.reporters.JUnitXMLReporter -->
<testsuite hostname="SWT-LTOP-208" ignored="0" name="Default test" tests="6" failures="0" timestamp="2022-07-06T15:20:12 IST" time="8.699" errors="0">
  <testcase name="GetPageTitle" time="0.019" classname="com.qa.opencart.text.HomePageTest"/>
  <testcase name="GetPageUrl" time="0.0" classname="com.qa.opencart.text.HomePageTest"/>
  <testcase name="SearchTest" time="0.549" classname="com.qa.opencart.text.HomePageTest"/>
  <testcase name="SearchTest" time="0.608" classname="com.qa.opencart.text.HomePageTest"/>
  <testcase name="SearchTest" time="0.513" classname="com.qa.opencart.text.HomePageTest"/>
  <testcase name="SearchTest" time="0.511" classname="com.qa.opencart.text.HomePageTest"/>
</testsuite> <!-- Default test -->
